[][ERROR:][256]<strong>错误</strong>File:D:\wamp\www\blog\blog\blog\index\indexControl.class.php(5).16_06_26 02:56:37.
[ERROR][ERROR:][256]<strong>错误</strong>File:D:\wamp\www\blog\blog\blog\index\indexControl.class.php(5).16_06_26 02:58:19.
[ERROR][256]<strong>错误</strong>File:D:\wamp\www\blog\blog\blog\index\indexControl.class.php(5).16_06_26 02:59:29.
[ERROR][256]<strong>错误</strong>File:D:\wamp\www\blog\blog\blog\index\indexControl.class.php(5)(16_06_26 03:00:16)
[NOTICE][1024]<strong>提示性错误</strong>File:D:\wamp\www\blog\blog\blog\index\indexControl.class.php(4)(16-06-26 03:00:42)
[NOTICE][1024]<strong>提示性错误</strong>File:D:\wamp\www\blog\blog\blog\index\indexControl.class.php(4)(16-06-26 03:02:42)
[NOTICE][1024]<strong>提示性错误</strong>File:D:\wamp\www\blog\blog\blog\index\indexControl.class.php(4)&nbsp;&nbsp(16-06-26 03:03:29)
[ERROR]Message:异常处理<br/>File:D:\wamp\www\blog\blog\blog\index\indexControl.class.php[6]<br/>indexControl->index()(16_06_26 03:13:54)
[NOTICE][2]<strong>Missing argument 3 for dir::tree_dir(), called in D:\wamp\www\blog\blog\blog\index\indexControl.class.php on line 4 and defined</strong>File:D:\wamp\www\blog\blog\PHP\libs\bin\dir.class.php(50)(16-06-26 04:30:48)
,[NOTICE][8]<strong>Use of undefined constant is_dir - assumed 'is_dir'</strong>File:D:\wamp\www\blog\blog\PHP\libs\bin\dir.class.php(54)(16-06-26 04:30:48)
,[NOTICE][8]<strong>Undefined variable: son</strong>File:D:\wamp\www\blog\blog\PHP\libs\bin\dir.class.php(60)(16-06-26 04:30:48)
,[NOTICE][8]<strong>Use of undefined constant is_dir - assumed 'is_dir'</strong>File:D:\wamp\www\blog\blog\PHP\libs\bin\dir.class.php(54)(16-06-26 04:30:48)
,[NOTICE][8]<strong>Undefined variable: son</strong>File:D:\wamp\www\blog\blog\PHP\libs\bin\dir.class.php(60)(16-06-26 04:30:48)
,[NOTICE][8]<strong>Use of undefined constant is_dir - assumed 'is_dir'</strong>File:D:\wamp\www\blog\blog\PHP\libs\bin\dir.class.php(54)(16-06-26 04:30:48)
,[NOTICE][8]<strong>Undefined variable: son</strong>File:D:\wamp\www\blog\blog\PHP\libs\bin\dir.class.php(60)(16-06-26 04:30:48)
,[NOTICE][8]<strong>Use of undefined constant is_dir - assumed 'is_dir'</strong>File:D:\wamp\www\blog\blog\PHP\libs\bin\dir.class.php(54)(16-06-26 04:30:48)
,[NOTICE][8]<strong>Undefined variable: son</strong>File:D:\wamp\www\blog\blog\PHP\libs\bin\dir.class.php(60)(16-06-26 04:30:48)
,[NOTICE][8]<strong>Use of undefined constant is_dir - assumed 'is_dir'</strong>File:D:\wamp\www\blog\blog\PHP\libs\bin\dir.class.php(54)(16-06-26 04:30:48)
,[NOTICE][8]<strong>Undefined variable: son</strong>File:D:\wamp\www\blog\blog\PHP\libs\bin\dir.class.php(60)(16-06-26 04:30:48)
,[NOTICE][8]<strong>Use of undefined constant is_dir - assumed 'is_dir'</strong>File:D:\wamp\www\blog\blog\PHP\libs\bin\dir.class.php(54)(16-06-26 04:30:48)
,[NOTICE][8]<strong>Undefined variable: son</strong>File:D:\wamp\www\blog\blog\PHP\libs\bin\dir.class.php(60)(16-06-26 04:30:48)
,[NOTICE][8]<strong>Use of undefined constant is_dir - assumed 'is_dir'</strong>File:D:\wamp\www\blog\blog\PHP\libs\bin\dir.class.php(54)(16-06-26 04:30:48)
,[NOTICE][8]<strong>Undefined variable: son</strong>File:D:\wamp\www\blog\blog\PHP\libs\bin\dir.class.php(60)(16-06-26 04:30:48)
,[NOTICE][8]<strong>Use of undefined constant is_dir - assumed 'is_dir'</strong>File:D:\wamp\www\blog\blog\PHP\libs\bin\dir.class.php(54)(16-06-26 04:30:48)
,[NOTICE][8]<strong>Undefined variable: son</strong>File:D:\wamp\www\blog\blog\PHP\libs\bin\dir.class.php(60)(16-06-26 04:30:48)
,[NOTICE][8]<strong>Use of undefined constant is_dir - assumed 'is_dir'</strong>File:D:\wamp\www\blog\blog\PHP\libs\bin\dir.class.php(54)(16-06-26 04:30:48)
,[NOTICE][8]<strong>Undefined variable: son</strong>File:D:\wamp\www\blog\blog\PHP\libs\bin\dir.class.php(60)(16-06-26 04:30:48)
,[NOTICE][8]<strong>Use of undefined constant is_dir - assumed 'is_dir'</strong>File:D:\wamp\www\blog\blog\PHP\libs\bin\dir.class.php(54)(16-06-26 04:30:48)
,[NOTICE][8]<strong>Undefined variable: son</strong>File:D:\wamp\www\blog\blog\PHP\libs\bin\dir.class.php(60)(16-06-26 04:30:48)
,[NOTICE][8]<strong>Use of undefined constant is_dir - assumed 'is_dir'</strong>File:D:\wamp\www\blog\blog\PHP\libs\bin\dir.class.php(54)(16-06-26 04:30:48)
,[NOTICE][8]<strong>Undefined variable: son</strong>File:D:\wamp\www\blog\blog\PHP\libs\bin\dir.class.php(60)(16-06-26 04:30:48)
,[NOTICE][8]<strong>Use of undefined constant is_dir - assumed 'is_dir'</strong>File:D:\wamp\www\blog\blog\PHP\libs\bin\dir.class.php(54)(16-06-26 04:30:48)
,[NOTICE][8]<strong>Undefined variable: son</strong>File:D:\wamp\www\blog\blog\PHP\libs\bin\dir.class.php(60)(16-06-26 04:30:48)
,[NOTICE][8]<strong>Use of undefined constant is_dir - assumed 'is_dir'</strong>File:D:\wamp\www\blog\blog\PHP\libs\bin\dir.class.php(54)(16-06-26 04:30:48)
,[NOTICE][8]<strong>Undefined variable: son</strong>File:D:\wamp\www\blog\blog\PHP\libs\bin\dir.class.php(60)(16-06-26 04:30:48)
,[NOTICE][8]<strong>Use of undefined constant is_dir - assumed 'is_dir'</strong>File:D:\wamp\www\blog\blog\PHP\libs\bin\dir.class.php(54)(16-06-26 04:30:48)
,[NOTICE][8]<strong>Undefined variable: son</strong>File:D:\wamp\www\blog\blog\PHP\libs\bin\dir.class.php(60)(16-06-26 04:30:48)
[NOTICE][2]<strong>Missing argument 3 for dir::tree_dir(), called in D:\wamp\www\blog\blog\blog\index\indexControl.class.php on line 4 and defined</strong>File:D:\wamp\www\blog\blog\PHP\libs\bin\dir.class.php(50)(16-06-26 04:33:48)
,[NOTICE][8]<strong>Use of undefined constant is_dir - assumed 'is_dir'</strong>File:D:\wamp\www\blog\blog\PHP\libs\bin\dir.class.php(54)(16-06-26 04:33:48)
,[NOTICE][8]<strong>Undefined variable: son</strong>File:D:\wamp\www\blog\blog\PHP\libs\bin\dir.class.php(60)(16-06-26 04:33:48)
,[NOTICE][8]<strong>Use of undefined constant is_dir - assumed 'is_dir'</strong>File:D:\wamp\www\blog\blog\PHP\libs\bin\dir.class.php(54)(16-06-26 04:33:48)
,[NOTICE][8]<strong>Undefined variable: son</strong>File:D:\wamp\www\blog\blog\PHP\libs\bin\dir.class.php(60)(16-06-26 04:33:48)
,[NOTICE][8]<strong>Use of undefined constant is_dir - assumed 'is_dir'</strong>File:D:\wamp\www\blog\blog\PHP\libs\bin\dir.class.php(54)(16-06-26 04:33:48)
,[NOTICE][8]<strong>Undefined variable: son</strong>File:D:\wamp\www\blog\blog\PHP\libs\bin\dir.class.php(60)(16-06-26 04:33:48)
,[NOTICE][8]<strong>Use of undefined constant is_dir - assumed 'is_dir'</strong>File:D:\wamp\www\blog\blog\PHP\libs\bin\dir.class.php(54)(16-06-26 04:33:48)
,[NOTICE][8]<strong>Undefined variable: son</strong>File:D:\wamp\www\blog\blog\PHP\libs\bin\dir.class.php(60)(16-06-26 04:33:48)
,[NOTICE][8]<strong>Use of undefined constant is_dir - assumed 'is_dir'</strong>File:D:\wamp\www\blog\blog\PHP\libs\bin\dir.class.php(54)(16-06-26 04:33:48)
,[NOTICE][8]<strong>Undefined variable: son</strong>File:D:\wamp\www\blog\blog\PHP\libs\bin\dir.class.php(60)(16-06-26 04:33:48)
,[NOTICE][8]<strong>Use of undefined constant is_dir - assumed 'is_dir'</strong>File:D:\wamp\www\blog\blog\PHP\libs\bin\dir.class.php(54)(16-06-26 04:33:48)
,[NOTICE][8]<strong>Undefined variable: son</strong>File:D:\wamp\www\blog\blog\PHP\libs\bin\dir.class.php(60)(16-06-26 04:33:48)
,[NOTICE][8]<strong>Use of undefined constant is_dir - assumed 'is_dir'</strong>File:D:\wamp\www\blog\blog\PHP\libs\bin\dir.class.php(54)(16-06-26 04:33:48)
,[NOTICE][8]<strong>Undefined variable: son</strong>File:D:\wamp\www\blog\blog\PHP\libs\bin\dir.class.php(60)(16-06-26 04:33:48)
,[NOTICE][8]<strong>Use of undefined constant is_dir - assumed 'is_dir'</strong>File:D:\wamp\www\blog\blog\PHP\libs\bin\dir.class.php(54)(16-06-26 04:33:48)
,[NOTICE][8]<strong>Undefined variable: son</strong>File:D:\wamp\www\blog\blog\PHP\libs\bin\dir.class.php(60)(16-06-26 04:33:48)
,[NOTICE][8]<strong>Use of undefined constant is_dir - assumed 'is_dir'</strong>File:D:\wamp\www\blog\blog\PHP\libs\bin\dir.class.php(54)(16-06-26 04:33:48)
,[NOTICE][8]<strong>Undefined variable: son</strong>File:D:\wamp\www\blog\blog\PHP\libs\bin\dir.class.php(60)(16-06-26 04:33:48)
,[NOTICE][8]<strong>Use of undefined constant is_dir - assumed 'is_dir'</strong>File:D:\wamp\www\blog\blog\PHP\libs\bin\dir.class.php(54)(16-06-26 04:33:48)
,[NOTICE][8]<strong>Undefined variable: son</strong>File:D:\wamp\www\blog\blog\PHP\libs\bin\dir.class.php(60)(16-06-26 04:33:48)
,[NOTICE][8]<strong>Use of undefined constant is_dir - assumed 'is_dir'</strong>File:D:\wamp\www\blog\blog\PHP\libs\bin\dir.class.php(54)(16-06-26 04:33:48)
,[NOTICE][8]<strong>Undefined variable: son</strong>File:D:\wamp\www\blog\blog\PHP\libs\bin\dir.class.php(60)(16-06-26 04:33:48)
,[NOTICE][8]<strong>Use of undefined constant is_dir - assumed 'is_dir'</strong>File:D:\wamp\www\blog\blog\PHP\libs\bin\dir.class.php(54)(16-06-26 04:33:48)
,[NOTICE][8]<strong>Undefined variable: son</strong>File:D:\wamp\www\blog\blog\PHP\libs\bin\dir.class.php(60)(16-06-26 04:33:48)
,[NOTICE][8]<strong>Use of undefined constant is_dir - assumed 'is_dir'</strong>File:D:\wamp\www\blog\blog\PHP\libs\bin\dir.class.php(54)(16-06-26 04:33:48)
,[NOTICE][8]<strong>Undefined variable: son</strong>File:D:\wamp\www\blog\blog\PHP\libs\bin\dir.class.php(60)(16-06-26 04:33:48)
,[NOTICE][8]<strong>Use of undefined constant is_dir - assumed 'is_dir'</strong>File:D:\wamp\www\blog\blog\PHP\libs\bin\dir.class.php(54)(16-06-26 04:33:48)
,[NOTICE][8]<strong>Undefined variable: son</strong>File:D:\wamp\www\blog\blog\PHP\libs\bin\dir.class.php(60)(16-06-26 04:33:48)
[NOTICE][2]<strong>Missing argument 3 for dir::tree_dir(), called in D:\wamp\www\blog\blog\blog\index\indexControl.class.php on line 4 and defined</strong>File:D:\wamp\www\blog\blog\PHP\libs\bin\dir.class.php(50)(16-06-26 04:34:09)
,[NOTICE][8]<strong>Use of undefined constant is_dir - assumed 'is_dir'</strong>File:D:\wamp\www\blog\blog\PHP\libs\bin\dir.class.php(54)(16-06-26 04:34:09)
,[NOTICE][8]<strong>Undefined variable: son</strong>File:D:\wamp\www\blog\blog\PHP\libs\bin\dir.class.php(60)(16-06-26 04:34:09)
,[NOTICE][8]<strong>Use of undefined constant is_dir - assumed 'is_dir'</strong>File:D:\wamp\www\blog\blog\PHP\libs\bin\dir.class.php(54)(16-06-26 04:34:09)
,[NOTICE][8]<strong>Undefined variable: son</strong>File:D:\wamp\www\blog\blog\PHP\libs\bin\dir.class.php(60)(16-06-26 04:34:09)
,[NOTICE][8]<strong>Use of undefined constant is_dir - assumed 'is_dir'</strong>File:D:\wamp\www\blog\blog\PHP\libs\bin\dir.class.php(54)(16-06-26 04:34:09)
,[NOTICE][8]<strong>Undefined variable: son</strong>File:D:\wamp\www\blog\blog\PHP\libs\bin\dir.class.php(60)(16-06-26 04:34:09)
,[NOTICE][8]<strong>Use of undefined constant is_dir - assumed 'is_dir'</strong>File:D:\wamp\www\blog\blog\PHP\libs\bin\dir.class.php(54)(16-06-26 04:34:09)
,[NOTICE][8]<strong>Undefined variable: son</strong>File:D:\wamp\www\blog\blog\PHP\libs\bin\dir.class.php(60)(16-06-26 04:34:09)
,[NOTICE][8]<strong>Use of undefined constant is_dir - assumed 'is_dir'</strong>File:D:\wamp\www\blog\blog\PHP\libs\bin\dir.class.php(54)(16-06-26 04:34:09)
,[NOTICE][8]<strong>Undefined variable: son</strong>File:D:\wamp\www\blog\blog\PHP\libs\bin\dir.class.php(60)(16-06-26 04:34:09)
,[NOTICE][8]<strong>Use of undefined constant is_dir - assumed 'is_dir'</strong>File:D:\wamp\www\blog\blog\PHP\libs\bin\dir.class.php(54)(16-06-26 04:34:09)
,[NOTICE][8]<strong>Undefined variable: son</strong>File:D:\wamp\www\blog\blog\PHP\libs\bin\dir.class.php(60)(16-06-26 04:34:09)
,[NOTICE][8]<strong>Use of undefined constant is_dir - assumed 'is_dir'</strong>File:D:\wamp\www\blog\blog\PHP\libs\bin\dir.class.php(54)(16-06-26 04:34:09)
,[NOTICE][8]<strong>Undefined variable: son</strong>File:D:\wamp\www\blog\blog\PHP\libs\bin\dir.class.php(60)(16-06-26 04:34:09)
,[NOTICE][8]<strong>Use of undefined constant is_dir - assumed 'is_dir'</strong>File:D:\wamp\www\blog\blog\PHP\libs\bin\dir.class.php(54)(16-06-26 04:34:09)
,[NOTICE][8]<strong>Undefined variable: son</strong>File:D:\wamp\www\blog\blog\PHP\libs\bin\dir.class.php(60)(16-06-26 04:34:09)
,[NOTICE][8]<strong>Use of undefined constant is_dir - assumed 'is_dir'</strong>File:D:\wamp\www\blog\blog\PHP\libs\bin\dir.class.php(54)(16-06-26 04:34:09)
,[NOTICE][8]<strong>Undefined variable: son</strong>File:D:\wamp\www\blog\blog\PHP\libs\bin\dir.class.php(60)(16-06-26 04:34:09)
,[NOTICE][8]<strong>Use of undefined constant is_dir - assumed 'is_dir'</strong>File:D:\wamp\www\blog\blog\PHP\libs\bin\dir.class.php(54)(16-06-26 04:34:09)
,[NOTICE][8]<strong>Undefined variable: son</strong>File:D:\wamp\www\blog\blog\PHP\libs\bin\dir.class.php(60)(16-06-26 04:34:09)
,[NOTICE][8]<strong>Use of undefined constant is_dir - assumed 'is_dir'</strong>File:D:\wamp\www\blog\blog\PHP\libs\bin\dir.class.php(54)(16-06-26 04:34:09)
,[NOTICE][8]<strong>Undefined variable: son</strong>File:D:\wamp\www\blog\blog\PHP\libs\bin\dir.class.php(60)(16-06-26 04:34:09)
,[NOTICE][8]<strong>Use of undefined constant is_dir - assumed 'is_dir'</strong>File:D:\wamp\www\blog\blog\PHP\libs\bin\dir.class.php(54)(16-06-26 04:34:09)
,[NOTICE][8]<strong>Undefined variable: son</strong>File:D:\wamp\www\blog\blog\PHP\libs\bin\dir.class.php(60)(16-06-26 04:34:09)
,[NOTICE][8]<strong>Use of undefined constant is_dir - assumed 'is_dir'</strong>File:D:\wamp\www\blog\blog\PHP\libs\bin\dir.class.php(54)(16-06-26 04:34:09)
,[NOTICE][8]<strong>Undefined variable: son</strong>File:D:\wamp\www\blog\blog\PHP\libs\bin\dir.class.php(60)(16-06-26 04:34:09)
,[NOTICE][8]<strong>Use of undefined constant is_dir - assumed 'is_dir'</strong>File:D:\wamp\www\blog\blog\PHP\libs\bin\dir.class.php(54)(16-06-26 04:34:09)
,[NOTICE][8]<strong>Undefined variable: son</strong>File:D:\wamp\www\blog\blog\PHP\libs\bin\dir.class.php(60)(16-06-26 04:34:09)
[NOTICE][2]<strong>Missing argument 3 for dir::tree_dir(), called in D:\wamp\www\blog\blog\blog\index\indexControl.class.php on line 4 and defined</strong>File:D:\wamp\www\blog\blog\PHP\libs\bin\dir.class.php(50)(16-06-26 04:35:39)
,[NOTICE][8]<strong>Use of undefined constant is_dir - assumed 'is_dir'</strong>File:D:\wamp\www\blog\blog\PHP\libs\bin\dir.class.php(54)(16-06-26 04:35:39)
,[NOTICE][8]<strong>Undefined variable: son</strong>File:D:\wamp\www\blog\blog\PHP\libs\bin\dir.class.php(60)(16-06-26 04:35:39)
,[NOTICE][8]<strong>Use of undefined constant is_dir - assumed 'is_dir'</strong>File:D:\wamp\www\blog\blog\PHP\libs\bin\dir.class.php(54)(16-06-26 04:35:39)
,[NOTICE][8]<strong>Undefined variable: son</strong>File:D:\wamp\www\blog\blog\PHP\libs\bin\dir.class.php(60)(16-06-26 04:35:39)
,[NOTICE][8]<strong>Use of undefined constant is_dir - assumed 'is_dir'</strong>File:D:\wamp\www\blog\blog\PHP\libs\bin\dir.class.php(54)(16-06-26 04:35:39)
,[NOTICE][8]<strong>Undefined variable: son</strong>File:D:\wamp\www\blog\blog\PHP\libs\bin\dir.class.php(60)(16-06-26 04:35:39)
,[NOTICE][8]<strong>Use of undefined constant is_dir - assumed 'is_dir'</strong>File:D:\wamp\www\blog\blog\PHP\libs\bin\dir.class.php(54)(16-06-26 04:35:39)
,[NOTICE][8]<strong>Undefined variable: son</strong>File:D:\wamp\www\blog\blog\PHP\libs\bin\dir.class.php(60)(16-06-26 04:35:39)
,[NOTICE][8]<strong>Use of undefined constant is_dir - assumed 'is_dir'</strong>File:D:\wamp\www\blog\blog\PHP\libs\bin\dir.class.php(54)(16-06-26 04:35:39)
,[NOTICE][8]<strong>Undefined variable: son</strong>File:D:\wamp\www\blog\blog\PHP\libs\bin\dir.class.php(60)(16-06-26 04:35:39)
,[NOTICE][8]<strong>Use of undefined constant is_dir - assumed 'is_dir'</strong>File:D:\wamp\www\blog\blog\PHP\libs\bin\dir.class.php(54)(16-06-26 04:35:39)
,[NOTICE][8]<strong>Undefined variable: son</strong>File:D:\wamp\www\blog\blog\PHP\libs\bin\dir.class.php(60)(16-06-26 04:35:39)
,[NOTICE][8]<strong>Use of undefined constant is_dir - assumed 'is_dir'</strong>File:D:\wamp\www\blog\blog\PHP\libs\bin\dir.class.php(54)(16-06-26 04:35:39)
,[NOTICE][8]<strong>Undefined variable: son</strong>File:D:\wamp\www\blog\blog\PHP\libs\bin\dir.class.php(60)(16-06-26 04:35:39)
,[NOTICE][8]<strong>Use of undefined constant is_dir - assumed 'is_dir'</strong>File:D:\wamp\www\blog\blog\PHP\libs\bin\dir.class.php(54)(16-06-26 04:35:39)
,[NOTICE][8]<strong>Undefined variable: son</strong>File:D:\wamp\www\blog\blog\PHP\libs\bin\dir.class.php(60)(16-06-26 04:35:39)
,[NOTICE][8]<strong>Use of undefined constant is_dir - assumed 'is_dir'</strong>File:D:\wamp\www\blog\blog\PHP\libs\bin\dir.class.php(54)(16-06-26 04:35:39)
,[NOTICE][8]<strong>Undefined variable: son</strong>File:D:\wamp\www\blog\blog\PHP\libs\bin\dir.class.php(60)(16-06-26 04:35:39)
,[NOTICE][8]<strong>Use of undefined constant is_dir - assumed 'is_dir'</strong>File:D:\wamp\www\blog\blog\PHP\libs\bin\dir.class.php(54)(16-06-26 04:35:39)
,[NOTICE][8]<strong>Undefined variable: son</strong>File:D:\wamp\www\blog\blog\PHP\libs\bin\dir.class.php(60)(16-06-26 04:35:39)
,[NOTICE][8]<strong>Use of undefined constant is_dir - assumed 'is_dir'</strong>File:D:\wamp\www\blog\blog\PHP\libs\bin\dir.class.php(54)(16-06-26 04:35:39)
,[NOTICE][8]<strong>Undefined variable: son</strong>File:D:\wamp\www\blog\blog\PHP\libs\bin\dir.class.php(60)(16-06-26 04:35:39)
,[NOTICE][8]<strong>Use of undefined constant is_dir - assumed 'is_dir'</strong>File:D:\wamp\www\blog\blog\PHP\libs\bin\dir.class.php(54)(16-06-26 04:35:39)
,[NOTICE][8]<strong>Undefined variable: son</strong>File:D:\wamp\www\blog\blog\PHP\libs\bin\dir.class.php(60)(16-06-26 04:35:39)
,[NOTICE][8]<strong>Use of undefined constant is_dir - assumed 'is_dir'</strong>File:D:\wamp\www\blog\blog\PHP\libs\bin\dir.class.php(54)(16-06-26 04:35:39)
,[NOTICE][8]<strong>Undefined variable: son</strong>File:D:\wamp\www\blog\blog\PHP\libs\bin\dir.class.php(60)(16-06-26 04:35:39)
,[NOTICE][8]<strong>Use of undefined constant is_dir - assumed 'is_dir'</strong>File:D:\wamp\www\blog\blog\PHP\libs\bin\dir.class.php(54)(16-06-26 04:35:39)
,[NOTICE][8]<strong>Undefined variable: son</strong>File:D:\wamp\www\blog\blog\PHP\libs\bin\dir.class.php(60)(16-06-26 04:35:39)
[NOTICE][2]<strong>Missing argument 3 for dir::tree_dir(), called in D:\wamp\www\blog\blog\blog\index\indexControl.class.php on line 4 and defined</strong>File:D:\wamp\www\blog\blog\PHP\libs\bin\dir.class.php(50)(16-06-26 04:37:01)
,[NOTICE][8]<strong>Undefined variable: son</strong>File:D:\wamp\www\blog\blog\PHP\libs\bin\dir.class.php(60)(16-06-26 04:37:01)
,[NOTICE][8]<strong>Undefined variable: son</strong>File:D:\wamp\www\blog\blog\PHP\libs\bin\dir.class.php(60)(16-06-26 04:37:01)
,[NOTICE][8]<strong>Undefined variable: son</strong>File:D:\wamp\www\blog\blog\PHP\libs\bin\dir.class.php(60)(16-06-26 04:37:01)
,[NOTICE][8]<strong>Undefined variable: son</strong>File:D:\wamp\www\blog\blog\PHP\libs\bin\dir.class.php(60)(16-06-26 04:37:01)
,[NOTICE][8]<strong>Undefined variable: son</strong>File:D:\wamp\www\blog\blog\PHP\libs\bin\dir.class.php(60)(16-06-26 04:37:01)
,[NOTICE][8]<strong>Undefined variable: son</strong>File:D:\wamp\www\blog\blog\PHP\libs\bin\dir.class.php(60)(16-06-26 04:37:01)
,[NOTICE][8]<strong>Undefined variable: son</strong>File:D:\wamp\www\blog\blog\PHP\libs\bin\dir.class.php(60)(16-06-26 04:37:01)
,[NOTICE][8]<strong>Undefined variable: son</strong>File:D:\wamp\www\blog\blog\PHP\libs\bin\dir.class.php(60)(16-06-26 04:37:01)
,[NOTICE][8]<strong>Undefined variable: son</strong>File:D:\wamp\www\blog\blog\PHP\libs\bin\dir.class.php(60)(16-06-26 04:37:01)
,[NOTICE][8]<strong>Undefined variable: son</strong>File:D:\wamp\www\blog\blog\PHP\libs\bin\dir.class.php(60)(16-06-26 04:37:01)
,[NOTICE][8]<strong>Undefined variable: son</strong>File:D:\wamp\www\blog\blog\PHP\libs\bin\dir.class.php(60)(16-06-26 04:37:01)
[NOTICE][2]<strong>Missing argument 3 for dir::tree_dir(), called in D:\wamp\www\blog\blog\blog\index\indexControl.class.php on line 4 and defined</strong>File:D:\wamp\www\blog\blog\PHP\libs\bin\dir.class.php(50)(16-06-26 04:37:28)
,[NOTICE][8]<strong>Undefined variable: son</strong>File:D:\wamp\www\blog\blog\PHP\libs\bin\dir.class.php(60)(16-06-26 04:37:28)
,[NOTICE][8]<strong>Undefined variable: son</strong>File:D:\wamp\www\blog\blog\PHP\libs\bin\dir.class.php(60)(16-06-26 04:37:28)
,[NOTICE][8]<strong>Undefined variable: son</strong>File:D:\wamp\www\blog\blog\PHP\libs\bin\dir.class.php(60)(16-06-26 04:37:28)
,[NOTICE][8]<strong>Undefined variable: son</strong>File:D:\wamp\www\blog\blog\PHP\libs\bin\dir.class.php(60)(16-06-26 04:37:28)
,[NOTICE][8]<strong>Undefined variable: son</strong>File:D:\wamp\www\blog\blog\PHP\libs\bin\dir.class.php(60)(16-06-26 04:37:28)
,[NOTICE][8]<strong>Undefined variable: son</strong>File:D:\wamp\www\blog\blog\PHP\libs\bin\dir.class.php(60)(16-06-26 04:37:28)
,[NOTICE][8]<strong>Undefined variable: son</strong>File:D:\wamp\www\blog\blog\PHP\libs\bin\dir.class.php(60)(16-06-26 04:37:28)
,[NOTICE][8]<strong>Undefined variable: son</strong>File:D:\wamp\www\blog\blog\PHP\libs\bin\dir.class.php(60)(16-06-26 04:37:28)
,[NOTICE][8]<strong>Undefined variable: son</strong>File:D:\wamp\www\blog\blog\PHP\libs\bin\dir.class.php(60)(16-06-26 04:37:28)
,[NOTICE][8]<strong>Undefined variable: son</strong>File:D:\wamp\www\blog\blog\PHP\libs\bin\dir.class.php(60)(16-06-26 04:37:28)
,[NOTICE][8]<strong>Undefined variable: son</strong>File:D:\wamp\www\blog\blog\PHP\libs\bin\dir.class.php(60)(16-06-26 04:37:28)
[NOTICE][2]<strong>Missing argument 3 for dir::tree_dir(), called in D:\wamp\www\blog\blog\blog\index\indexControl.class.php on line 4 and defined</strong>File:D:\wamp\www\blog\blog\PHP\libs\bin\dir.class.php(50)(16-06-26 04:37:39)
,[NOTICE][8]<strong>Use of undefined constant is_dir - assumed 'is_dir'</strong>File:D:\wamp\www\blog\blog\PHP\libs\bin\dir.class.php(54)(16-06-26 04:37:39)
,[NOTICE][8]<strong>Undefined variable: son</strong>File:D:\wamp\www\blog\blog\PHP\libs\bin\dir.class.php(60)(16-06-26 04:37:39)
,[NOTICE][8]<strong>Use of undefined constant is_dir - assumed 'is_dir'</strong>File:D:\wamp\www\blog\blog\PHP\libs\bin\dir.class.php(54)(16-06-26 04:37:39)
,[NOTICE][8]<strong>Undefined variable: son</strong>File:D:\wamp\www\blog\blog\PHP\libs\bin\dir.class.php(60)(16-06-26 04:37:39)
,[NOTICE][8]<strong>Use of undefined constant is_dir - assumed 'is_dir'</strong>File:D:\wamp\www\blog\blog\PHP\libs\bin\dir.class.php(54)(16-06-26 04:37:39)
,[NOTICE][8]<strong>Undefined variable: son</strong>File:D:\wamp\www\blog\blog\PHP\libs\bin\dir.class.php(60)(16-06-26 04:37:39)
,[NOTICE][8]<strong>Use of undefined constant is_dir - assumed 'is_dir'</strong>File:D:\wamp\www\blog\blog\PHP\libs\bin\dir.class.php(54)(16-06-26 04:37:39)
,[NOTICE][8]<strong>Undefined variable: son</strong>File:D:\wamp\www\blog\blog\PHP\libs\bin\dir.class.php(60)(16-06-26 04:37:39)
,[NOTICE][8]<strong>Use of undefined constant is_dir - assumed 'is_dir'</strong>File:D:\wamp\www\blog\blog\PHP\libs\bin\dir.class.php(54)(16-06-26 04:37:39)
,[NOTICE][8]<strong>Undefined variable: son</strong>File:D:\wamp\www\blog\blog\PHP\libs\bin\dir.class.php(60)(16-06-26 04:37:39)
,[NOTICE][8]<strong>Use of undefined constant is_dir - assumed 'is_dir'</strong>File:D:\wamp\www\blog\blog\PHP\libs\bin\dir.class.php(54)(16-06-26 04:37:39)
,[NOTICE][8]<strong>Undefined variable: son</strong>File:D:\wamp\www\blog\blog\PHP\libs\bin\dir.class.php(60)(16-06-26 04:37:39)
,[NOTICE][8]<strong>Use of undefined constant is_dir - assumed 'is_dir'</strong>File:D:\wamp\www\blog\blog\PHP\libs\bin\dir.class.php(54)(16-06-26 04:37:39)
,[NOTICE][8]<strong>Undefined variable: son</strong>File:D:\wamp\www\blog\blog\PHP\libs\bin\dir.class.php(60)(16-06-26 04:37:39)
,[NOTICE][8]<strong>Use of undefined constant is_dir - assumed 'is_dir'</strong>File:D:\wamp\www\blog\blog\PHP\libs\bin\dir.class.php(54)(16-06-26 04:37:39)
,[NOTICE][8]<strong>Undefined variable: son</strong>File:D:\wamp\www\blog\blog\PHP\libs\bin\dir.class.php(60)(16-06-26 04:37:39)
,[NOTICE][8]<strong>Use of undefined constant is_dir - assumed 'is_dir'</strong>File:D:\wamp\www\blog\blog\PHP\libs\bin\dir.class.php(54)(16-06-26 04:37:39)
,[NOTICE][8]<strong>Undefined variable: son</strong>File:D:\wamp\www\blog\blog\PHP\libs\bin\dir.class.php(60)(16-06-26 04:37:39)
,[NOTICE][8]<strong>Use of undefined constant is_dir - assumed 'is_dir'</strong>File:D:\wamp\www\blog\blog\PHP\libs\bin\dir.class.php(54)(16-06-26 04:37:39)
,[NOTICE][8]<strong>Undefined variable: son</strong>File:D:\wamp\www\blog\blog\PHP\libs\bin\dir.class.php(60)(16-06-26 04:37:39)
,[NOTICE][8]<strong>Use of undefined constant is_dir - assumed 'is_dir'</strong>File:D:\wamp\www\blog\blog\PHP\libs\bin\dir.class.php(54)(16-06-26 04:37:39)
,[NOTICE][8]<strong>Undefined variable: son</strong>File:D:\wamp\www\blog\blog\PHP\libs\bin\dir.class.php(60)(16-06-26 04:37:39)
,[NOTICE][8]<strong>Use of undefined constant is_dir - assumed 'is_dir'</strong>File:D:\wamp\www\blog\blog\PHP\libs\bin\dir.class.php(54)(16-06-26 04:37:39)
,[NOTICE][8]<strong>Undefined variable: son</strong>File:D:\wamp\www\blog\blog\PHP\libs\bin\dir.class.php(60)(16-06-26 04:37:39)
,[NOTICE][8]<strong>Use of undefined constant is_dir - assumed 'is_dir'</strong>File:D:\wamp\www\blog\blog\PHP\libs\bin\dir.class.php(54)(16-06-26 04:37:39)
,[NOTICE][8]<strong>Undefined variable: son</strong>File:D:\wamp\www\blog\blog\PHP\libs\bin\dir.class.php(60)(16-06-26 04:37:39)
,[NOTICE][8]<strong>Use of undefined constant is_dir - assumed 'is_dir'</strong>File:D:\wamp\www\blog\blog\PHP\libs\bin\dir.class.php(54)(16-06-26 04:37:39)
,[NOTICE][8]<strong>Undefined variable: son</strong>File:D:\wamp\www\blog\blog\PHP\libs\bin\dir.class.php(60)(16-06-26 04:37:39)
[NOTICE][2]<strong>Missing argument 3 for dir::tree_dir(), called in D:\wamp\www\blog\blog\blog\index\indexControl.class.php on line 4 and defined</strong>File:D:\wamp\www\blog\blog\PHP\libs\bin\dir.class.php(50)(16-06-26 04:38:43)
,[NOTICE][2]<strong>is_dir() expects exactly 1 parameter, 0 given</strong>File:D:\wamp\www\blog\blog\PHP\libs\bin\dir.class.php(54)(16-06-26 04:38:43)
,[NOTICE][2]<strong>is_dir() expects exactly 1 parameter, 0 given</strong>File:D:\wamp\www\blog\blog\PHP\libs\bin\dir.class.php(54)(16-06-26 04:38:43)
,[NOTICE][2]<strong>is_dir() expects exactly 1 parameter, 0 given</strong>File:D:\wamp\www\blog\blog\PHP\libs\bin\dir.class.php(54)(16-06-26 04:38:43)
,[NOTICE][2]<strong>is_dir() expects exactly 1 parameter, 0 given</strong>File:D:\wamp\www\blog\blog\PHP\libs\bin\dir.class.php(54)(16-06-26 04:38:43)
,[NOTICE][2]<strong>is_dir() expects exactly 1 parameter, 0 given</strong>File:D:\wamp\www\blog\blog\PHP\libs\bin\dir.class.php(54)(16-06-26 04:38:43)
,[NOTICE][2]<strong>is_dir() expects exactly 1 parameter, 0 given</strong>File:D:\wamp\www\blog\blog\PHP\libs\bin\dir.class.php(54)(16-06-26 04:38:43)
,[NOTICE][2]<strong>is_dir() expects exactly 1 parameter, 0 given</strong>File:D:\wamp\www\blog\blog\PHP\libs\bin\dir.class.php(54)(16-06-26 04:38:43)
,[NOTICE][2]<strong>is_dir() expects exactly 1 parameter, 0 given</strong>File:D:\wamp\www\blog\blog\PHP\libs\bin\dir.class.php(54)(16-06-26 04:38:43)
,[NOTICE][2]<strong>is_dir() expects exactly 1 parameter, 0 given</strong>File:D:\wamp\www\blog\blog\PHP\libs\bin\dir.class.php(54)(16-06-26 04:38:43)
,[NOTICE][2]<strong>is_dir() expects exactly 1 parameter, 0 given</strong>File:D:\wamp\www\blog\blog\PHP\libs\bin\dir.class.php(54)(16-06-26 04:38:43)
,[NOTICE][2]<strong>is_dir() expects exactly 1 parameter, 0 given</strong>File:D:\wamp\www\blog\blog\PHP\libs\bin\dir.class.php(54)(16-06-26 04:38:43)
,[NOTICE][2]<strong>is_dir() expects exactly 1 parameter, 0 given</strong>File:D:\wamp\www\blog\blog\PHP\libs\bin\dir.class.php(54)(16-06-26 04:38:43)
,[NOTICE][2]<strong>is_dir() expects exactly 1 parameter, 0 given</strong>File:D:\wamp\www\blog\blog\PHP\libs\bin\dir.class.php(54)(16-06-26 04:38:43)
,[NOTICE][2]<strong>is_dir() expects exactly 1 parameter, 0 given</strong>File:D:\wamp\www\blog\blog\PHP\libs\bin\dir.class.php(54)(16-06-26 04:38:43)
[NOTICE][2]<strong>Missing argument 3 for dir::tree_dir(), called in D:\wamp\www\blog\blog\blog\index\indexControl.class.php on line 4 and defined</strong>File:D:\wamp\www\blog\blog\PHP\libs\bin\dir.class.php(50)(16-06-26 04:38:59)
,[NOTICE][8]<strong>Undefined variable: son</strong>File:D:\wamp\www\blog\blog\PHP\libs\bin\dir.class.php(60)(16-06-26 04:38:59)
,[NOTICE][8]<strong>Undefined variable: son</strong>File:D:\wamp\www\blog\blog\PHP\libs\bin\dir.class.php(60)(16-06-26 04:38:59)
,[NOTICE][8]<strong>Undefined variable: son</strong>File:D:\wamp\www\blog\blog\PHP\libs\bin\dir.class.php(60)(16-06-26 04:38:59)
,[NOTICE][8]<strong>Undefined variable: son</strong>File:D:\wamp\www\blog\blog\PHP\libs\bin\dir.class.php(60)(16-06-26 04:38:59)
,[NOTICE][8]<strong>Undefined variable: son</strong>File:D:\wamp\www\blog\blog\PHP\libs\bin\dir.class.php(60)(16-06-26 04:38:59)
,[NOTICE][8]<strong>Undefined variable: son</strong>File:D:\wamp\www\blog\blog\PHP\libs\bin\dir.class.php(60)(16-06-26 04:38:59)
,[NOTICE][8]<strong>Undefined variable: son</strong>File:D:\wamp\www\blog\blog\PHP\libs\bin\dir.class.php(60)(16-06-26 04:38:59)
,[NOTICE][8]<strong>Undefined variable: son</strong>File:D:\wamp\www\blog\blog\PHP\libs\bin\dir.class.php(60)(16-06-26 04:38:59)
,[NOTICE][8]<strong>Undefined variable: son</strong>File:D:\wamp\www\blog\blog\PHP\libs\bin\dir.class.php(60)(16-06-26 04:38:59)
,[NOTICE][8]<strong>Undefined variable: son</strong>File:D:\wamp\www\blog\blog\PHP\libs\bin\dir.class.php(60)(16-06-26 04:38:59)
,[NOTICE][8]<strong>Undefined variable: son</strong>File:D:\wamp\www\blog\blog\PHP\libs\bin\dir.class.php(60)(16-06-26 04:38:59)
