[NOTICE][8]<strong>Undefined variable: dir</strong>File:D:\wamp\www\blog\blog\PHP\libs\bin\dir.class.php(84)(16-07-15 02:18:20)
[NOTICE][8]<strong>Undefined variable: dir</strong>File:D:\wamp\www\blog\blog\PHP\libs\bin\dir.class.php(85)(16-07-15 02:22:40)
[NOTICE][8]<strong>Undefined variable: dir</strong>File:D:\wamp\www\blog\blog\PHP\libs\bin\dir.class.php(85)(16-07-15 02:37:18)
[NOTICE][2]<strong>imagecreatefrompng(): gd-png:  fatal libpng error: Read Error: truncated data</strong>File:D:\wamp\www\blog\blog\PHP\libs\bin\images.class.php(244)(16-07-15 03:46:38)
,[NOTICE][2]<strong>imagecreatefrompng(): gd-png error: setjmp returns error condition</strong>File:D:\wamp\www\blog\blog\PHP\libs\bin\images.class.php(244)(16-07-15 03:46:38)
,[NOTICE][2]<strong>imagecreatefrompng(): 'shuiyin.png' is not a valid PNG file</strong>File:D:\wamp\www\blog\blog\PHP\libs\bin\images.class.php(244)(16-07-15 03:46:38)
,[NOTICE][2]<strong>imagecopy() expects parameter 1 to be resource, boolean given</strong>File:D:\wamp\www\blog\blog\PHP\libs\bin\images.class.php(291)(16-07-15 03:46:38)
,[NOTICE][2]<strong>imagepng() expects parameter 1 to be resource, boolean given</strong>File:D:\wamp\www\blog\blog\PHP\libs\bin\images.class.php(310)(16-07-15 03:46:38)
,[NOTICE][2]<strong>imagedestroy() expects parameter 1 to be resource, boolean given</strong>File:D:\wamp\www\blog\blog\PHP\libs\bin\images.class.php(314)(16-07-15 03:46:38)
[NOTICE][8]<strong>Undefined variable: y</strong>File:D:\wamp\www\blog\blog\PHP\libs\bin\images.class.php(291)(16-07-15 03:49:34)
[NOTICE][8]<strong>Undefined variable: y</strong>File:D:\wamp\www\blog\blog\PHP\libs\bin\images.class.php(291)(16-07-15 03:49:34)
[NOTICE][8]<strong>Undefined variable: y</strong>File:D:\wamp\www\blog\blog\PHP\libs\bin\images.class.php(291)(16-07-15 03:49:34)
[NOTICE][8]<strong>Undefined variable: y</strong>File:D:\wamp\www\blog\blog\PHP\libs\bin\images.class.php(291)(16-07-15 03:49:35)
[NOTICE][8]<strong>Undefined variable: y</strong>File:D:\wamp\www\blog\blog\PHP\libs\bin\images.class.php(291)(16-07-15 03:52:03)
[NOTICE][2]<strong>imagecreatefrompng(): gd-png:  fatal libpng error: Read Error: truncated data</strong>File:D:\wamp\www\blog\blog\PHP\libs\bin\images.class.php(244)(16-07-15 03:52:03)
,[NOTICE][2]<strong>imagecreatefrompng(): gd-png error: setjmp returns error condition</strong>File:D:\wamp\www\blog\blog\PHP\libs\bin\images.class.php(244)(16-07-15 03:52:03)
,[NOTICE][2]<strong>imagecreatefrompng(): 'shuiyin.png' is not a valid PNG file</strong>File:D:\wamp\www\blog\blog\PHP\libs\bin\images.class.php(244)(16-07-15 03:52:03)
,[NOTICE][8]<strong>Undefined variable: y</strong>File:D:\wamp\www\blog\blog\PHP\libs\bin\images.class.php(291)(16-07-15 03:52:03)
,[NOTICE][2]<strong>imagecopy() expects parameter 1 to be resource, boolean given</strong>File:D:\wamp\www\blog\blog\PHP\libs\bin\images.class.php(291)(16-07-15 03:52:03)
,[NOTICE][2]<strong>imagepng() expects parameter 1 to be resource, boolean given</strong>File:D:\wamp\www\blog\blog\PHP\libs\bin\images.class.php(310)(16-07-15 03:52:03)
,[NOTICE][2]<strong>imagedestroy() expects parameter 1 to be resource, boolean given</strong>File:D:\wamp\www\blog\blog\PHP\libs\bin\images.class.php(314)(16-07-15 03:52:03)
[NOTICE][8]<strong>Undefined variable: y</strong>File:D:\wamp\www\blog\blog\PHP\libs\bin\images.class.php(291)(16-07-15 03:52:03)
[NOTICE][8]<strong>Undefined variable: y</strong>File:D:\wamp\www\blog\blog\PHP\libs\bin\images.class.php(291)(16-07-15 04:00:04)
[NOTICE][8]<strong>Undefined variable: y</strong>File:D:\wamp\www\blog\blog\PHP\libs\bin\images.class.php(291)(16-07-15 04:00:04)
[NOTICE][8]<strong>Undefined variable: y</strong>File:D:\wamp\www\blog\blog\PHP\libs\bin\images.class.php(291)(16-07-15 04:00:04)
[NOTICE][8]<strong>Undefined variable: y</strong>File:D:\wamp\www\blog\blog\PHP\libs\bin\images.class.php(291)(16-07-15 04:00:04)
[NOTICE][8]<strong>Undefined variable: y</strong>File:D:\wamp\www\blog\blog\PHP\libs\bin\images.class.php(291)(16-07-15 04:00:04)
[NOTICE][8]<strong>Undefined variable: y</strong>File:D:\wamp\www\blog\blog\PHP\libs\bin\images.class.php(291)(16-07-15 04:00:05)
[NOTICE][8]<strong>Undefined variable: y</strong>File:D:\wamp\www\blog\blog\PHP\libs\bin\images.class.php(291)(16-07-15 04:00:05)
[NOTICE][8]<strong>Undefined variable: y</strong>File:D:\wamp\www\blog\blog\PHP\libs\bin\images.class.php(291)(16-07-15 04:00:05)
